# USAGE: the intent of this file is to keep track of current
# regressions and to keep notes about why they are failing.
#
# Each category represents a Cron run that we perform nightly and mail
# to chapel-test-results-all (and chapel-test-results-regressions if
# anything unusual happened).  The label for each category should
# match the unique ID for that testing configuration.  In some cases,
# categories will have a wildcard name such as 'gasnet*' or 'x?-wb.*'
# implying that they are an abstract category for all configurations
# that match that pattern.  In the past we have used specific testing
# instances (like 'gasnet-everything') for such purposes, but in
# practice there often isn't a test configuration that serves as a
# good root for the purposes of inheriting errors.
#
# There is an informal hierarchy embedded in this file in order to try
# and reduce redundancy in which each suite is marked as inheriting
# from one or more other suites.  For example, if "hello.chpl" fails
# everywhere, it should only be noted in "general regressions" (the
# root of the hierarchy) and not in every configuration.  Similarly,
# if something fails for every gasnet configuration, it can be listed
# in 'gasnet*' which forms the root of the logical gasnet sub-tree.
#
# Ultimately, the hope is to do more of this filtering and
# categorization automatically, but for the time being it is manual
# and rotated among members of the core Chapel team.  Periodically,
# all failures in a test suite should be compared against what's in
# this file to ensure that they match.  The last time that this full
# review was done is marked in the "Reviewed" slot in the header of
# the category.
#
# Each regression itself should be marked with a brief (one-line)
# description of why the failure is occurring, the date on which the
# failure occurred, and the owner.  All new issues should be assigned
# an owner; some historical ones may have escaped being assigned one.
#
# In some cases, more extensive notes may be in order, but this file
# should lean towards being spare (for the purposes of maintenance).
# The project's pivotal task tracker should be used to store notes
# on any given failure mode or story.
#
# At the bottom of each category is a list of "sporadic" failures
# that come and go at different times.  These are followed by a
# list of dates for when a "new failure" was reported.  If a test
# has not failed in a month, it can probably be removed from this
# list.
#
# The status of failing future tests is detailed in ../STATUS.devel




****************************************************************************
*                            General Issues                                *
****************************************************************************

===================
general
Reviewed 2015-03-02
===================


****************************************************************************
*                          Principal platforms                             *
****************************************************************************

===================
linux64
Inherits 'general'
Reviewed 2015-03-02
===================


===================
*32
Inherits 'general'
Reviewed 2015-03-02
===================

Seg fault since first run (2014-12-07)
--------------------------------------
[Error matching compiler output for users/vass/type-tests.isSubtype]

different amounts of memory leaked on 32-bit platforms (2014-11-12, first run)
------------------------------------------------------------------------------
[Error matching program output for memory/sungeun/refCount/domainMaps]

prefetch instruction not found (2014-11-12, first run)
------------------------------------------------------
[Error matching program output for modules/standard/Prefetch/prefetch (compopts: 1)]

some sort of 64-bit assertion fails (2014-11-12, first run)
-----------------------------------------------------------
[Error matching program output for optimizations/cache-remote/ferguson/c_tests/chpl-cache-support-test (compopts: 1)]


===================
linux32
Inherits '*32'
Reviewed 2015-03-02
===================

32-/64-bit portability issue (2015-03-04, bradc)
------------------------------------------------
[Error matching compiler output for modules/standard/gmp/studies/gmp-chudnovsky (compopts: 1)]

timeout (2015-02-05, first run) - (elliot/michael)
--------------------------------------------------
[Error Timed out executing regexp test ./regexp_channel_test Regexp Channels Test]
[Error Timed out executing regexp test ./regexp_test Regexp Test]

Chapel string passed to external routine (2015-03-05, kyleb)
------------------------------------------------------------
[Error matching compiler output for memory/bradc/allocBig]


===================
darwin
Inherits 'general'
Reviewed 2015-03-02
===================


===================
gnu.darwin
Inherits 'darwin'
Reviewed 2015-03-02
===================




****************************************************************************
*                            Desktop performance                           *
****************************************************************************

===================
perf*
Inherits 'general'
Reviewed 2015-03-02
===================


===================
perf.bradc-lnx
Inherits 'perf*'
Reviewed 2015-02-27
===================

consistent failure due to insane memory usage (should get better with strings)
------------------------------------------------------------------------------
[Error matching performance keys for io/vass/time-write (compopts: 1)] (2014-11-01)
[Error matching performance keys for studies/shootout/fasta/kbrady/fasta-lines]

test changed to be slower (2015-03-05, elliot)
----------------------------------------------
[Error: Timed out executing program performance/bharshbarg/range-forall (execopts: 2)]



===================
perf.chap03
Inherits 'perf*'
Reviewed 2015-03-02
===================

consistent failure due to insane memory usage (should get better with strings)
------------------------------------------------------------------------------
[Error matching performance keys for studies/shootout/fasta/kbrady/fasta-lines]

test changed to be slower (2015-03-05, elliot)
----------------------------------------------
[Error: Timed out executing program performance/bharshbarg/range-forall (execopts: 2)]


===================
perf.chap04
Inherits 'perf*'
Reviewed 2015-03-02
===================


====================
perf.chapel-shootout
Inherits 'perf*'
Reviewed 2015-02-17
====================

consistent failure due to insane memory usage (should get better with strings)
------------------------------------------------------------------------------
[Error matching performance keys for studies/shootout/fasta/kbrady/fasta-lines]




****************************************************************************
*         Compiler flags / Sanity checks / Variant Configurations          *
****************************************************************************


===================
fast
Inherits 'general'
Reviewed 2015-03-02
===================


===================
baseline
Inherits 'general'
Reviewed 2015-03-02
===================

Dies with signal 6
------------------
[Error matching program output for studies/glob/test_glob (compopts: 1)] (Brad)


===================
memleaks.examples
Inherits 'general'
Reviewed 2015-03-02
===================

============================
memleaks
Inherits 'memleaks.examples'
Reviewed 2015-03-02
============================


===================
verify
Inherits 'general'
Reviewed 2015-03-02
===================


===================
valgrind
Inherits 'general'
Reviewed 2015-03-01
===================

conditional jump depends on uninitialized value (2014-04-08 -- since re2 on)
----------------------------------------------------------------------------
[Error matching program output for io/tzakian/recordReader/test]
[Error matching program output for regexp/ferguson/rechan]

=== sporadic failures below ===

sporadic invalid write in dl_lookup_symbol->do_lookup_x, read in dl_name_match_p
--------------------------------------------------------------------------------
[Error matching program output for performance/sungeun/dgemm] (2014-11-16..2014-11-26, 2014-11-29..2015-01-05, 2015-01-12..)
[Error matching program output for studies/sudoku/dinan/sudoku] (2015-01-30..2015-02-18, 2015-02-19..2015-02-26, 2015-02-28)

sporadic execution timeout
--------------------------
[Error: Timed out executing program domains/sungeun/assoc/stress.numthr (compopts: 1, execopts: 2)] (..2015-02-21)
[Error: Timed out executing program domains/sungeun/assoc/stress (compopts: 1, execopts: 2) (2015-03-02..)]




****************************************************************************
*                   Different build configurations                         *
****************************************************************************


===================
llvm
Inherits 'general'
Reviewed 2015-03-02
===================

relies on macro in gmp.h -- not expected to work without effort (2014-09-18)
----------------------------------------------------------------------------
[Error matching compiler output for release/examples/benchmarks/shootout/pidigits]


===================
fifo
Inherits 'general'
Reviewed 2015-03-02
===================


===================
numa
Inherits 'general'
Reviewed 2015-03-02
===================

type mismatches in generated C code (2015-03-05, ben)
-----------------------------------------------------
[Error matching .bad file for classes/bradc/arrayInClass/genericArrayInClass-otharrs-inline-iterators (compopts: 1)] 
[Error matching compiler output for classes/bradc/arrayInClass/arrayOfArithInClass]
[Error matching compiler output for classes/bradc/arrayInClass/genericArrayInClass-arith]
[Error matching compiler output for classes/bradc/arrayInClass/genericArrayInClass-otharrs (compopts: 1)]

we're leaking more memory than we did before (2015-03-05, ben)
--------------------------------------------------------------
[Error matching program output for memory/sungeun/refCount/domainMaps]

gets wrong output (2015-03-03, gbt)
-----------------------------------
[Error matching program output for localeModels/gbt/maxTaskPar]



****************************************************************************
*                     Multi-locale configurations                          *
****************************************************************************


===================
no-local
Inherits 'general'
Reviewed 2015-03-02
===================

more memory leaks than expected (2015-03-05, ben)
-------------------------------------------------
[Error matching program output for memory/sungeun/refCount/domainMaps]


=================================
no-local.linux32
Inherits 'linux32' and 'no-local'
Reviewed 2015-03-02
=================================


===================
gasnet*
Inherits 'no-local'
Reviewed 2015-03-01
===================

fast forks became normal forks with no-local improvements (2015-03-05, ben)
---------------------------------------------------------------------------
[Error matching program output for modules/sungeun/init/printInitCommCounts (compopts: 1)]

=== sporadic failures below ===

sporadic failures even after Sung quieted it down (gbt/diten)
(gasnet.fifo, gasnet-fast, gasnet-everything)
-------------------------------------------------------------
[Error matching program output for types/string/StringImpl/memLeaks/coforall] (last seen: 2015-02-24)

sporadic execution timeout
(gasnet.fifo, gasnet-fast)
--------------------------
[Error: Timed out executing program studies/madness/aniruddha/madchap/test_likepy] (last seen: 2015-02-17)



===================
gasnet-everything
Inherits 'gasnet*'
Reviewed 2015-02-27
===================


===================
gasnet-fast
Inherits 'gasnet*'
Reviewed 2015-03-01
===================

Segfault (2015-02-22, michael)
------------------------------
[Error matching program output for multilocale/deitz/needMultiLocales/test_remote_file_read]


===============================
gasnet.darwin
Inherits 'darwin' and 'gasnet*'
Reviewed 2015-03-02
===============================


=============================
gasnet.fifo
Inherits 'gasnet*' and 'fifo'
Reviewed 2015-03-01
=============================

=== sporadic failures below ===

sporadic execution timeouts
---------------------------
[Error: Timed out executing program studies/madness/aniruddha/madchap/test_gaxpy] (2014-10-19, 2014-10-24, 2014-11-11, 2014-11-13, 2014-12-13, 2014-12-15, 2015-01-07, 2015-01-09, 2015-01-25, 2015-02-08)
[Error: Timed out executing program optimizations/bulkcomm/alberto/Block/2dDRtoBDTest] (2015-02-10) (elliot)
[Error: Timed out executing program studies/madness/aniruddha/madchap/test_mul] (2015-03-01)


=============================
gasnet.llvm
Inherits 'gasnet*' and 'llvm'
Reviewed 2015-03-02
=============================

internal error (2015-03-05, ben)
--------------------------------
[Error matching compiler output for extern/ferguson/externblock/ptr]



=============================
gasnet.numa
Inherits 'gasnet*' and 'numa'
Reviewed 2015-03-02
=============================




****************************************************************************
*                     XE/XC whitebox configurations                        *
****************************************************************************


===================
x?-wb.*
Inherits 'general'
Reviewed 2015-03-01
===================



===================
xc-wb.*
Inherits 'x?-wb.*'
Reviewed 2015-03-01
===================


=== sporadic failures below ===

sporadic execution timeouts
---------------------------
[Error: Timed out executing program execflags/bradc/gdbddash/gdbSetConfig] (last seen: 2015-03-01..2014-03-03 on xc-wb.prgenv-intel)
[Error: Timed out executing program domains/johnk/capacityParSafe (compopts: 1)] (last seen: 2015-02-24 on xc-wb.pgi)


===================
xe-wb.*
Inherits 'x?-wb.*'
Reviewed 2015-03-01
===================

=== sporadic failures below ===

sporadic compilation timeouts
-----------------------------
[Error: Timed out compilation for arrays/bradc/localSlices/localsliceOOB2] (2015-03-05)


=======================
*gnu*
Inherits from 'linux64'
Reviewed 2015-03-01
=======================


==============================
x?-wb.gnu
Inherits 'x?-wb.*' and '*gnu*'
Reviewed 2015-03-01
==============================


==============================
x?-wb.prgenv-gnu
Inherits 'x?-wb.*' and '*gnu*'
Reviewed 2015-03-01
==============================


===========================
x?-wb.host.prgenv-gnu
Inherits 'x?-wb.prgenv-gnu'
Reviewed 2015-03-01
===========================


===================
*intel*
Inherits 'general'
Reviewed 2015-03-01
===================

test assertion failures (2014-09-21..)
------------------------------------------------
[Error matching program output for io/ferguson/io_test]
[Error matching program output for io/ferguson/writef_readf]

binary files differ (2014-09-21..)
--------------------------------------------
[Error matching program output for io/ferguson/writefbinary]
[Error matching program output for studies/parboil/SAD/sadSerial]


================================
x?-wb.intel
Inherits 'x?-wb.*' and '*intel*'
Reviewed 2015-03-01
================================


================================
x?-wb.prgenv-intel
Inherits 'x?-wb.*' and '*intel*'
Reviewed 2015-03-01
================================


=============================
x?-wb.host.prgenv-intel
Inherits 'x?-wb.prgenv-intel'
Reviewed 2015-03-01
=============================


====================
*prgenv-cray*
Inherits '*prgenv-*'
Reviewed 2015-03-01
====================

An invalid option "openmp" appears on the command line. (2014-11-17 -- thomas/ben/et al)
----------------------------------------------------------------------------------------
[Error matching compiler output for studies/colostate/OMP-Jacobi-1D-Naive-Parallel (compopts: 1)]
[Error matching compiler output for studies/colostate/OMP-Jacobi-1D-Sliced-Diamond-Tiling (compopts: 1)]
[Error matching compiler output for studies/colostate/OMP-Jacobi-2D-Naive-Parallel (compopts: 1)]
[Error matching compiler output for studies/colostate/OMP-Jacobi-2D-Sliced-Diamond-Tiling (compopts: 1)]

value is outside of the int range in C compilation (2012-03-??..)
-------------------------------------------------------------
[Error matching compiler output for types/enum/ferguson/enum_mintype_test]

filenames get printed by C compiler when multiple .c files are specified in one command (..)
---------------------------------------------------------------------------------------
[Error matching program output for modules/standard/BitOps/c-tests/bitops (compopts: 1)]
[Error matching program output for modules/standard/BitOps/c-tests/bitops (compopts: 2)]
[Error matching program output for modules/standard/BitOps/c-tests/clz (compopts: 1)]
[Error matching program output for modules/standard/BitOps/c-tests/clz (compopts: 2)]
[Error matching program output for modules/standard/BitOps/c-tests/ctz (compopts: 1)]
[Error matching program output for modules/standard/BitOps/c-tests/ctz (compopts: 2)]
[Error matching program output for modules/standard/BitOps/c-tests/performance/32/bitops-32 (compopts: 1)]
[Error matching program output for modules/standard/BitOps/c-tests/performance/32/bitops-32 (compopts: 2)]
[Error matching program output for modules/standard/BitOps/c-tests/performance/64/bitops-64 (compopts: 1)]
[Error matching program output for modules/standard/BitOps/c-tests/performance/64/bitops-64 (compopts: 2)]
[Error matching program output for modules/standard/BitOps/c-tests/popcount (compopts: 1)]
[Error matching program output for modules/standard/BitOps/c-tests/popcount (compopts: 2)]

unexpected compiler output (listing the source files) (2014-07-23, gbt)
-----------------------------------------------------------------------
[Error matching program output for optimizations/cache-remote/ferguson/c_tests/chpl-cache-support-test (compopts: 1)]

error differs but within acceptable margin; should squash error printing (..)
------------------------------------------------------------------------
[Error matching program output for studies/hpcc/FFT/marybeth/fft]

Execution timeout (2015-02-15)
------------------------------
[Error: Timed out executing program performance/compiler/bradc/cg-sparse-timecomp (compopts: 1)]


=== sporadic failures below ===

sporadic dropping/mangling of output
------------------------------------
[Error matching program output for classes/bradc/arrayInClass/arrayOfArithInClass] (2015-01-12..2015-01-19)
[Error matching program output for classes/bradc/arrayInClass/genericArrayInClass-arith] (2014-12-25..2015-01-08)
[Error matching program output for distributions/dm/t5a] (2015-01-23)
[Error matching program output for distributions/deitz/exBlockExample/block2D] (2015-01-21..2015-01-29)
[Error matching program output for distributions/robust/arithmetic/collapsing/test_domain_rank_change1] (2014-10-24)
[Error matching program output for domains/sungeun/assoc/index_not_in_domain_2 (compopts: 2)] (2014-11-13)
[Error matching program output for functions/diten/refIntents] (2014-09-30)
[Error matching program output for functions/iterators/bradc/leadFollow/localfollow2 (compopts: 1)] (2014-10-07)
[Error matching program output for multilocale/diten/nolocalArgDefaultGlobal/fieldDefaultGlobalRecordMember] (2014-12-16)
[Error matching program output for optimizations/sungeun/RADOpt/access1d (compopts: 1)] (2014-10-10)
[Error matching program output for release/examples/benchmarks/ssca2/SSCA2_main (compopts: 5, execopts: 1)] (2014-10-03, 2015-03-04)
[Error matching program output for release/examples/primers/arrays] (2014-10-03)
[Error matching program output for studies/cholesky/jglewis/version2/elemental/test_elemental_cholesky] (2015-01-14)
[Error matching program output for studies/hpcc/STREAMS/bradc/stream-fragmented-timecoforall (compopts: 1)] (2014-12-19)
[Error matching program output for studies/hpcc/STREAMS/diten/stream-fragmented-local (compopts: 1)] (2015-01-26..2015-02-01)
[Error matching program output for studies/shootout/nbody/sidelnik/nbody_orig_1] (2014-12-16)
[Error matching program output for studies/hpcc/STREAMS/bradc/stream-slice (compopts: 1)] (2015-02-08)
[Error matching program output for modules/vass/SSCA2-with-Private-2] (2015-02-19)
[Error matching program output for reductions/waynew/reductions] (2015-02-19, 2015-02-22..2015-02-28)
[Error matching program output for users/hilde/refcnt] (2015-02-20..2015-02-28)
[Error matching program output for studies/590o/alaska/graph] (2015-02-25)
[Error matching compiler output for release/examples/primers/chpldoc (compopts: 1)] (host testing 2015-03-01)


======================================
x?-wb.prgenv-cray
Inherits 'x?-wb.*' and '*prgenv-cray*'
Reviewed 2015-03-01
======================================

new test times out (2015-03-03, vass)
-------------------------------------
[Error: Timed out executing program parallel/forall/vass/ri-3-stress (compopts: 1)]

missing docs/chpldoc.txt output (2015-03-05, tvandoren)
-------------------------------------------------------
[Error matching compiler output for release/examples/primers/chpldoc (compopts: 1)]

============================
x?-wb.host.prgenv-cray
Inherits 'x?-wb.prgenv-cray'
Reviewed 2015-03-01
============================

=== sporadic failures below ===

sporadic unresolved call on ||(0,0) in Types.chpl and related errors (bradc)
----------------------------------------------------------------------------
All tests fail to compile. (2015-02-15..2015-02-16, 2015-02-19)




===================
*pgi*
Inherits 'general'
Reviewed 2015-03-01
===================

undefined reference to chpl_bitops_debruijn64
---------------------------------------------
[Error matching compiler output for optimizations/cache-remote/ferguson/c_tests/chpl-cache-support-test (compopts: 1)]

negative floating point 0.0 not supported
-----------------------------------------
[Error matching program output for types/complex/bradc/negateimaginary3]
[Error matching program output for types/complex/bradc/negativeimaginaryliteral]
[Error matching program output for types/file/bradc/scalar/floatcomplexexceptions]

consistent execution timeout (no intrinsics for pgi, test is slow with locks)
-----------------------------------------------------------------------------
[Error: Timed out executing program domains/sungeun/assoc/parSafeMember (compopts: 1)]


==============================
x?-wb.pgi
Inherits 'x?-wb.*' and '*pgi*'
Reviewed 2015-03-01
==============================


==============================
x?-wb.prgenv-pgi
Inherits 'x?-wb.*' and '*pgi*'
Reviewed 2015-03-01
==============================


===========================
x?-wb.host.prgenv-pgi
Inherits 'x?-wb.prgenv-pgi'
Reviewed 2015-03-01
===========================


****************************************************************************
*              XE/XC hardware correctness configurations                   *
****************************************************************************


===================
x?.*
Inherits 'x?.wb-*'
Reviewed 2015-03-02
===================

third-party linkage issues (2015-03-04, gbt)
(all configurations other than CCE?)
--------------------------------------------
*** pretty much everything ***


===================
xc.*
Inherits 'x?.*'
Reviewed 2015-03-02
===================

===================
xe.*
Inherits 'x?.*'
Reviewed 2015-03-02
===================


===================
x?.ugni-qthreads.*
Inherits 'x?.*'
Reviewed 2015-03-02
===================


===============
xe.ugni.*
Inherits 'xe.*'
===============

=== sporadic failures below ===

[Error: Timed out executing program release/examples/benchmarks/hpcc/ra (compopts: 1)] (last seen 2015-03-04 on xe.ugni.gnu)
[Error: Timed out executing program release/examples/benchmarks/hpcc/variants/ra-cleanloop (compopts: 1)] (last seen 2015-03-05 on xe.ugni.intel)
[Error: Timed out executing program release/examples/benchmarks/ssca2/SSCA2_main (compopts: *, execopts: 1)] (last seen 2015-03-05 on xe.ugni.intel)


==========================================
xc.knc
Inherits 'xc.*'
Reviewed 2015-02-17
==========================================

Unclear how KNCs interact with the file system on Crays (since first run)
-------------------------------------------------------------------------
[Error matching program output for release/examples/primers/fileIO]


==========================
xc.llvm
Inherits 'xc.*' and 'llvm'
Reviewed 2015-03-02
==========================



****************************************************************************
*                 XC hardware performance configurations                   *
****************************************************************************

===========================
perf.xc.*
Inherits 'perf*' and 'x?.*'
Reviewed 2015-03-01
===========================

missing third-party stuff (2015-03-04, gbt)
-------------------------------------------
*** pretty much everything ***


================================
perf.xc.local.gnu
Inherits 'perf.xc.*' and '*gnu*'
Reviewed 2015-03-01
================================


============================
perf.xc.no-local.gnu
Inherits 'perf.xc.local.gnu'
Reviewed 2015-03-01
============================

consistent timeouts (2015-02-18)
--------------------------------
[Error: Timed out executing program release/examples/benchmarks/hpcc/ptrans]
[Error: Timed out executing program studies/shootout/nbody/bradc/nbody-blc-slice]
[Error: Timed out executing program studies/shootout/nbody/sidelnik/nbody_forloop_3]

=== sporadic issues ===

sporadic glibc panics (ben)
---------------------------
[Error matching performance keys for functions/iterators/angeles/distAdaptativeWSv1 (compopts: 1)] (..2015-02-24, 2015-02-26..)
[Error matching performance keys for functions/iterators/angeles/distAdaptativeWS (compopts: 1)] (..)
[Error matching performance keys for functions/iterators/angeles/distAdaptativeWSv2 (compopts: 1)] (..2015-02-28)
[Error matching performance keys for functions/iterators/angeles/dynamic] (..)
[Error matching performance keys for functions/iterators/angeles/guided] (..)

Differing whitespace (vass)
---------------------------
[Error matching performance keys for io/vass/time-write (compopts: 1)] (..2015-02-21, 2015-02-23..)


===============================
perf.xc.16.mpi.gnu
Inherits 'perf.xc.no-local.gnu'
Reviewed 2015-03-01
===============================

Consistent execution timeout (2015-02-02)
-----------------------------------------
[Error: Timed out executing program release/examples/benchmarks/miniMD/miniMD (compopts: 1)]
[Error: Timed out executing program release/examples/benchmarks/ssca2/SSCA2_main (compopts: 1, execopts: 2)]

=== sporadic issues ===

Sporadic execution timeout
--------------------------
[Error: Timed out executing program release/examples/benchmarks/hpcc/ra (compopts: 2, execopts: 1)] (2015-02-26)


===============================
perf.xc.16.aries.gnu
Inherits 'perf.xc.no-local.gnu'
Reviewed 2015-02-17
===============================

Execution timeout (2015-02-02..)
--------------------------------
[Error: Timed out executing program release/examples/benchmarks/hpcc/ra-atomics]
[Error: Timed out executing program release/examples/benchmarks/ssca2/SSCA2_main (compopts: 1, execopts: 2)]

=== sporadic issues ===

Sporadic execution timeouts.
----------------------------
[Error: Timed out executing program studies/hpcc/HPL/vass/hpl.hpcc2012 (compopts: 1)] (2015-02-15)


===============================
perf.xc.16.ugni.gnu
Inherits 'perf.xc.no-local.gnu'
Reviewed 2015-03-01
===============================

=== sporadic issues ===

sporadic execution timeout
--------------------------
[Error: Timed out executing program release/examples/benchmarks/hpcc/stream-ep] (2015-02-25..2015-02-28, 2015-03-05..)
[Error: Timed out executing program release/examples/benchmarks/miniMD/miniMD
(compopts: 1)] (2015-03-05..)
[Error: Timed out executing program release/examples/benchmarks/ssca2/SSCA2_main (compopts: 1, execopts: *)] (2015-02-19, 2015-02-22..2015-02-23, 2015-02-25, 2015-02-27..2015-02-28, 2015-03-05..)


==================================
perf.xc.local.intel
Inherits 'perf.xc.*' and '*intel*'
Reviewed 2015-03-01
==================================

=== sporadic failures below ===

sporadic chameneos-redux-cas output mismatch (lydia)
----------------------------------------------------
[Error matching performance keys for studies/shootout/chameneos-redux/hannah/chameneos-redux-cas] (last seen 2015-02-28 on perf.xc.local.intel)


========================================
perf.xc.local.cray
Inherits 'perf.xc.*' and '*prgenv-cray*'
Reviewed 2015-02-27
========================================

known CCE bug
-------------
[Error matching performance keys for release/examples/benchmarks/shootout/meteor-fast]
[Error matching performance keys for studies/shootout/meteor/kbrady/meteor-parallel-alt]

segfault (2015-03-04, sporadic?)
--------------------------------
[Error matching performance keys for npb/is/mcahir/intsort.mtml]


=== sporadic failures below ===

sporadic execution timeout
--------------------------
[Error: Timed out executing program studies/shootout/mandelbrot/ferguson/mandelbrot-opt2] (2015-03-01..2015-03-03)


================================
perf.xc.local.pgi
Inherits 'perf.xc.*' and '*pgi*'
Reviewed 2015-02-27
================================

out of memory allocating array elements (2015-02-15)
----------------------------------------------------
[Error matching performance keys for release/examples/benchmarks/hpcc/ra-atomics (compopts: 1)]

execution timeouts (bradc)
--------------------------
[Error: Timed out executing program studies/shootout/nbody/bradc/nbody-blc-slice]
[Error: Timed out executing program studies/shootout/nbody/sidelnik/nbody_forloop_3]



****************************************************************************
*                          Secondary platforms                             *
****************************************************************************


===================
rhel.linux64
Inherits 'general'
Reviewed 2015-03-02
===================


===================
cygwin*
Inherits 'general'
Reviewed 2015-03-02
===================

check_channel assertion failure
-------------------------------
[Error matching C regexp test ./regexp_channel_test Regexp Channels Test]

QIO strcmp(got, expect) assertion error
---------------------------------------
[Error matching program output for io/ferguson/ctests/qio_formatted_test (compopts: 1)]

=== sporadic failures below ===

sporadic pthread_mutex_init() failure in new test (vass)
--------------------------------------------------------
[Error matching program output for parallel/forall/vass/ri-3-stress (compopts: 1)] (last seen: 2015-03-03 cygwin32)


sporadic pthread_cond_init failed
---------------------------------
[Error matching program output for studies/cholesky/jglewis/version2/performance/test_cholesky_performance (compopts: 1)] (2015-02-25)

sporadic execution timeout
--------------------------
[Error: Timed out executing program studies/cholesky/jglewis/version2/performance/test_cholesky_performance (compopts: 1)] (..., 2014-12-01, 2015-01-05..2015-02-24, ???..)


===========================
cygwin32
Inherits 'cygwin*' and '*32'
Reviewed 2015-03-01
===========================

Compiler segfault (2015-02-22, mike)
------------------------------------
[Error matching compiler output for chpldoc/compflags/comment/loseComments (compopts: 1)]

"got == expect[i]" assertion error
----------------------------------
[Error matching program output for io/ferguson/ctests/qio_bits_test (compopts: 1)]

Generated output "FAILED" (see below for sporadic): First run 2014-12-07
------------------------------------------------------------------------
[Error matching program output for studies/colostate/OMP-Jacobi-1D-Naive-Parallel (compopts: 1)]
[Error matching program output for studies/colostate/OMP-Jacobi-2D-Naive-Parallel (compopts: 1)]

Consistent execution timouts
----------------------------
[Error: Timed out executing program io/ferguson/ctests/qio_test (compopts: 1)]


=== sporadic failures below ===

sporadic generated output "FAILED" (see above for solid): First run 2014-12-07
------------------------------------------------------------------------------
[Error matching program output for studies/colostate/OMP-Jacobi-1D-Sliced-Diamond-Tiling (compopts: 1)] (2015-01-16..2015-01-19, 2015-01-21, 2015-01-25..2015-01-28, 2015-01-31..2015-02-18, 2015-02-20..2015-02-22, 2015-02-24, 2015-03-01..)


================================
cygwin64
Inherits 'cygwin*' and 'linux64'
Reviewed 2015-02-28
================================

QIO qio_err_to_int() == EEOF assertion error
--------------------------------------------
[Error matching program output for io/ferguson/ctests/qio_test (compopts: 1)]



****************************************************************************
*                          Distribution testing                            *
****************************************************************************


===================
dist-block
Inherits 'gasnet*'
Reviewed 2015-03-02
===================


===================
dist-cyclic
Inherits 'gasnet*'
Reviewed 2015-03-02
===================


===================
dist-replicated
Inherits 'gasnet*'
Reviewed 2015-03-01
===================

=== sporadic failures below ===

sporadic segfault/error in sendAll (2014-03-02, looks like a one-off)
---------------------------------------------------------------------
[Error matching program output for distributions/robust/arithmetic/modules/test_module_Search]
