
======================================================================
FAIL test_fail.chpl: test1()
----------------------------------------------------------------------
AssertionError: assert failed -
'0.0 0.0 0.0 0.0 0.0 0.0 0.0
0.0 0.0 0.0 0.0 0.0 0.0 0.0
0.0 0.0 0.0 0.0 0.0 0.0 0.0
0.0 0.0 0.0 0.0 0.0 0.0 0.0
0.0 0.0 0.0 0.0 0.0 0.0 0.0'
==
'0.0 0.0 0.0 0.0 0.0 0.0 0.0
0.0 0.0 0.0 0.0 0.0 0.0 0.0
0.0 0.0 0.0 0.0 0.0 0.0 0.0
0.0 0.0 0.0 0.0 0.0 0.0 0.0
0.0 0.0 0.0 0.0 0.0 0.0 0.0'

======================================================================
FAIL test_fail.chpl: test2()
----------------------------------------------------------------------
AssertionError: assertTrue failed. Given expression is False

======================================================================
SKIPPED test_fail.chpl: test3()
----------------------------------------------------------------------
TestSkipped: Skipping Test 3

----------------------------------------------------------------------
Ran 5 tests in n seconds

FAILED (passed = 3 failures = 2 skipped = 1 )
