testBadSyncSingle.chpl:4: In function 'main':
testBadSyncSingle.chpl:5: error: value from coercion passed to ref formal 'this'
$CHPL_HOME/modules/internal/ChapelArray.chpl:nnnn: note: to function 'chpl__promotionType' defined here
testBadSyncSingle.chpl:5: error: sync/single types cannot contain type '[domain(1,int(64),false)] sync int(64)'
