obj/DefaultRectangular.c: In function 'dsiReallocate11':
obj/DefaultRectangular.c:nnnn: error: used struct type value where scalar is required
obj/DefaultRectangular.c:nnnn: error: used struct type value where scalar is required
obj/DefaultRectangular.c:nnnn: error: used struct type value where scalar is required
obj/DefaultRectangular.c:nnnn: error: used struct type value where scalar is required
obj/ChapelArray.c: In function 'coforall_fn7':
obj/ChapelArray.c:nnnn: error: used struct type value where scalar is required
obj/ChapelArray.c:nnnn: error: used struct type value where scalar is required
obj/ChapelArray.c:nnnn: error: used struct type value where scalar is required
obj/ChapelArray.c:nnnn: error: used struct type value where scalar is required
obj/ChapelArray.c: In function 'coforall_fn17':
obj/ChapelArray.c:nnnn: error: used struct type value where scalar is required
obj/ChapelArray.c:nnnn: error: used struct type value where scalar is required
obj/ChapelArray.c:nnnn: error: used struct type value where scalar is required
obj/ChapelArray.c:nnnn: error: used struct type value where scalar is required
obj/DefaultAssociative.c: In function '_backupArray7':
obj/DefaultAssociative.c:nnnn: error: used struct type value where scalar is required
obj/DefaultAssociative.c:nnnn: error: used struct type value where scalar is required
obj/DefaultAssociative.c:nnnn: error: used struct type value where scalar is required
obj/DefaultAssociative.c:nnnn: error: used struct type value where scalar is required
obj/DefaultAssociative.c:nnnn: error: used struct type value where scalar is required
obj/DefaultAssociative.c:nnnn: error: used struct type value where scalar is required
obj/DefaultAssociative.c:nnnn: error: used struct type value where scalar is required
obj/DefaultAssociative.c:nnnn: error: used struct type value where scalar is required
obj/DefaultAssociative.c: In function '_backupArray8':
obj/DefaultAssociative.c:nnnn: error: used struct type value where scalar is required
obj/DefaultAssociative.c:nnnn: error: used struct type value where scalar is required
obj/DefaultAssociative.c:nnnn: error: used struct type value where scalar is required
obj/DefaultAssociative.c:nnnn: error: used struct type value where scalar is required
obj/DefaultAssociative.c:nnnn: error: used struct type value where scalar is required
obj/DefaultAssociative.c:nnnn: error: used struct type value where scalar is required
obj/DefaultAssociative.c:nnnn: error: used struct type value where scalar is required
obj/DefaultAssociative.c:nnnn: error: used struct type value where scalar is required
obj/DefaultAssociative.c: In function '_backupArray9':
obj/DefaultAssociative.c:nnnn: error: used struct type value where scalar is required
obj/DefaultAssociative.c:nnnn: error: used struct type value where scalar is required
obj/DefaultAssociative.c:nnnn: error: used struct type value where scalar is required
obj/DefaultAssociative.c:nnnn: error: used struct type value where scalar is required
obj/DefaultAssociative.c:nnnn: error: used struct type value where scalar is required
obj/DefaultAssociative.c:nnnn: error: used struct type value where scalar is required
obj/DefaultAssociative.c:nnnn: error: used struct type value where scalar is required
obj/DefaultAssociative.c:nnnn: error: used struct type value where scalar is required
obj/DefaultAssociative.c: In function '_preserveArrayElement7':
obj/DefaultAssociative.c:nnnn: error: used struct type value where scalar is required
obj/DefaultAssociative.c:nnnn: error: used struct type value where scalar is required
obj/DefaultAssociative.c:nnnn: error: used struct type value where scalar is required
obj/DefaultAssociative.c:nnnn: error: used struct type value where scalar is required
obj/DefaultAssociative.c: In function '_preserveArrayElement8':
obj/DefaultAssociative.c:nnnn: error: used struct type value where scalar is required
obj/DefaultAssociative.c:nnnn: error: used struct type value where scalar is required
obj/DefaultAssociative.c:nnnn: error: used struct type value where scalar is required
obj/DefaultAssociative.c:nnnn: error: used struct type value where scalar is required
obj/DefaultAssociative.c: In function '_preserveArrayElement9':
obj/DefaultAssociative.c:nnnn: error: used struct type value where scalar is required
obj/DefaultAssociative.c:nnnn: error: used struct type value where scalar is required
obj/DefaultAssociative.c:nnnn: error: used struct type value where scalar is required
obj/DefaultAssociative.c:nnnn: error: used struct type value where scalar is required
obj/DefaultSparse.c: In function 'sparseShiftArray3':
obj/DefaultSparse.c:nnnn: error: used struct type value where scalar is required
obj/DefaultSparse.c:nnnn: error: used struct type value where scalar is required
obj/DefaultSparse.c:nnnn: error: used struct type value where scalar is required
obj/DefaultSparse.c:nnnn: error: used struct type value where scalar is required
obj/DefaultSparse.c:nnnn: error: used struct type value where scalar is required
obj/DefaultSparse.c:nnnn: error: used struct type value where scalar is required
obj/DefaultSparse.c:nnnn: error: used struct type value where scalar is required
obj/DefaultSparse.c:nnnn: error: used struct type value where scalar is required
obj/DefaultSparse.c:nnnn: error: used struct type value where scalar is required
obj/DefaultSparse.c:nnnn: error: used struct type value where scalar is required
obj/DefaultSparse.c:nnnn: error: used struct type value where scalar is required
obj/DefaultSparse.c:nnnn: error: used struct type value where scalar is required
gmake: *** [obj/genericArrayInClass-otharrs-inline-iterators.tmp] Error 1
error: compiling generated source
